<?xml version="1.0" encoding="UTF-8"?>
<testng-results skipped="0" failed="0" total="1" passed="1">
  <reporter-output>
  </reporter-output>
  <suite name="Default suite" duration-ms="53743" started-at="2013-05-11T12:26:38Z" finished-at="2013-05-11T12:27:32Z">
    <groups>
    </groups>
    <test name="Default test" duration-ms="53743" started-at="2013-05-11T12:26:38Z" finished-at="2013-05-11T12:27:32Z">
      <class name="com.online.sarees.tests.ChangePasswordTest">
        <test-method status="PASS" signature="changePassword()[pri:0, instance:com.online.sarees.tests.ChangePasswordTest@1b26af3]" name="changePassword" duration-ms="53724" started-at="2013-05-11T13:26:38Z" finished-at="2013-05-11T13:27:32Z">
          <reporter-output>
          </reporter-output>
        </test-method> <!-- changePassword -->
      </class> <!-- com.online.sarees.tests.ChangePasswordTest -->
    </test> <!-- Default test -->
  </suite> <!-- Default suite -->
</testng-results>
